mode: set
github.com/benfradjselim/ohe-sdk-go/auth.go:7.96,9.118 2 1
github.com/benfradjselim/ohe-sdk-go/auth.go:12.2,13.18 2 1
github.com/benfradjselim/ohe-sdk-go/auth.go:9.118,11.3 1 1
github.com/benfradjselim/ohe-sdk-go/auth.go:17.52,19.2 1 0
github.com/benfradjselim/ohe-sdk-go/auth.go:22.71,24.71 2 0
github.com/benfradjselim/ohe-sdk-go/auth.go:27.2,28.18 2 0
github.com/benfradjselim/ohe-sdk-go/auth.go:24.71,26.3 1 0
github.com/benfradjselim/ohe-sdk-go/client.go:38.37,39.25 1 1
github.com/benfradjselim/ohe-sdk-go/client.go:39.25,39.44 1 1
github.com/benfradjselim/ohe-sdk-go/client.go:43.36,44.25 1 1
github.com/benfradjselim/ohe-sdk-go/client.go:44.25,44.43 1 1
github.com/benfradjselim/ohe-sdk-go/client.go:48.37,49.25 1 1
github.com/benfradjselim/ohe-sdk-go/client.go:49.25,49.44 1 1
github.com/benfradjselim/ohe-sdk-go/client.go:53.45,54.25 1 0
github.com/benfradjselim/ohe-sdk-go/client.go:54.25,54.46 1 0
github.com/benfradjselim/ohe-sdk-go/client.go:58.42,59.25 1 0
github.com/benfradjselim/ohe-sdk-go/client.go:59.25,59.53 1 0
github.com/benfradjselim/ohe-sdk-go/client.go:63.50,68.25 2 1
github.com/benfradjselim/ohe-sdk-go/client.go:71.2,71.10 1 1
github.com/benfradjselim/ohe-sdk-go/client.go:68.25,70.3 1 1
github.com/benfradjselim/ohe-sdk-go/client.go:75.41,75.60 1 1
github.com/benfradjselim/ohe-sdk-go/client.go:84.32,85.18 1 0
github.com/benfradjselim/ohe-sdk-go/client.go:88.2,88.49 1 0
github.com/benfradjselim/ohe-sdk-go/client.go:85.18,87.3 1 0
github.com/benfradjselim/ohe-sdk-go/client.go:93.93,95.17 2 1
github.com/benfradjselim/ohe-sdk-go/client.go:103.2,104.16 2 1
github.com/benfradjselim/ohe-sdk-go/client.go:107.2,109.19 3 1
github.com/benfradjselim/ohe-sdk-go/client.go:114.2,114.19 1 1
github.com/benfradjselim/ohe-sdk-go/client.go:118.2,119.16 2 1
github.com/benfradjselim/ohe-sdk-go/client.go:122.2,124.28 2 1
github.com/benfradjselim/ohe-sdk-go/client.go:140.2,140.17 1 1
github.com/benfradjselim/ohe-sdk-go/client.go:143.2,146.68 2 1
github.com/benfradjselim/ohe-sdk-go/client.go:149.2,149.28 1 1
github.com/benfradjselim/ohe-sdk-go/client.go:152.2,152.43 1 1
github.com/benfradjselim/ohe-sdk-go/client.go:95.17,97.17 2 1
github.com/benfradjselim/ohe-sdk-go/client.go:100.3,100.34 1 1
github.com/benfradjselim/ohe-sdk-go/client.go:97.17,99.4 1 0
github.com/benfradjselim/ohe-sdk-go/client.go:104.16,106.3 1 0
github.com/benfradjselim/ohe-sdk-go/client.go:109.19,111.3 1 1
github.com/benfradjselim/ohe-sdk-go/client.go:111.8,111.27 1 1
github.com/benfradjselim/ohe-sdk-go/client.go:111.27,113.3 1 1
github.com/benfradjselim/ohe-sdk-go/client.go:114.19,116.3 1 1
github.com/benfradjselim/ohe-sdk-go/client.go:119.16,121.3 1 0
github.com/benfradjselim/ohe-sdk-go/client.go:124.28,133.27 4 1
github.com/benfradjselim/ohe-sdk-go/client.go:137.3,137.11 1 1
github.com/benfradjselim/ohe-sdk-go/client.go:133.27,136.4 2 1
github.com/benfradjselim/ohe-sdk-go/client.go:140.17,142.3 1 1
github.com/benfradjselim/ohe-sdk-go/client.go:146.68,148.3 1 0
github.com/benfradjselim/ohe-sdk-go/client.go:149.28,151.3 1 0
github.com/benfradjselim/ohe-sdk-go/client.go:155.94,157.16 2 1
github.com/benfradjselim/ohe-sdk-go/client.go:160.2,160.48 1 1
github.com/benfradjselim/ohe-sdk-go/client.go:157.16,159.3 1 1
github.com/benfradjselim/ohe-sdk-go/client.go:163.87,165.2 1 1
github.com/benfradjselim/ohe-sdk-go/client.go:167.86,169.2 1 0
github.com/benfradjselim/ohe-sdk-go/client.go:171.62,173.2 1 1
github.com/benfradjselim/ohe-sdk-go/health.go:6.71,8.64 2 1
github.com/benfradjselim/ohe-sdk-go/health.go:11.2,11.18 1 1
github.com/benfradjselim/ohe-sdk-go/health.go:8.64,10.3 1 1
github.com/benfradjselim/ohe-sdk-go/health.go:15.54,17.2 1 1
github.com/benfradjselim/ohe-sdk-go/health.go:20.55,22.2 1 1
github.com/benfradjselim/ohe-sdk-go/health.go:25.67,27.63 2 0
github.com/benfradjselim/ohe-sdk-go/health.go:30.2,30.18 1 0
github.com/benfradjselim/ohe-sdk-go/health.go:27.63,29.3 1 0
github.com/benfradjselim/ohe-sdk-go/logs.go:19.90,21.24 2 0
github.com/benfradjselim/ohe-sdk-go/logs.go:24.2,24.25 1 0
github.com/benfradjselim/ohe-sdk-go/logs.go:27.2,27.23 1 0
github.com/benfradjselim/ohe-sdk-go/logs.go:30.2,30.20 1 0
github.com/benfradjselim/ohe-sdk-go/logs.go:33.2,34.60 2 0
github.com/benfradjselim/ohe-sdk-go/logs.go:37.2,37.17 1 0
github.com/benfradjselim/ohe-sdk-go/logs.go:21.24,23.3 1 0
github.com/benfradjselim/ohe-sdk-go/logs.go:24.25,26.3 1 0
github.com/benfradjselim/ohe-sdk-go/logs.go:27.23,29.3 1 0
github.com/benfradjselim/ohe-sdk-go/logs.go:30.20,32.3 1 0
github.com/benfradjselim/ohe-sdk-go/logs.go:34.60,36.3 1 0
github.com/benfradjselim/ohe-sdk-go/logs.go:41.94,43.19 2 0
github.com/benfradjselim/ohe-sdk-go/logs.go:46.2,46.15 1 0
github.com/benfradjselim/ohe-sdk-go/logs.go:49.2,50.62 2 0
github.com/benfradjselim/ohe-sdk-go/logs.go:53.2,53.17 1 0
github.com/benfradjselim/ohe-sdk-go/logs.go:43.19,45.3 1 0
github.com/benfradjselim/ohe-sdk-go/logs.go:46.15,48.3 1 0
github.com/benfradjselim/ohe-sdk-go/logs.go:50.62,52.3 1 0
github.com/benfradjselim/ohe-sdk-go/logs.go:57.80,59.73 2 0
github.com/benfradjselim/ohe-sdk-go/logs.go:62.2,62.17 1 0
github.com/benfradjselim/ohe-sdk-go/logs.go:59.73,61.3 1 0
github.com/benfradjselim/ohe-sdk-go/slos.go:9.62,11.62 2 0
github.com/benfradjselim/ohe-sdk-go/slos.go:14.2,14.17 1 0
github.com/benfradjselim/ohe-sdk-go/slos.go:11.62,13.3 1 0
github.com/benfradjselim/ohe-sdk-go/slos.go:18.71,20.82 2 1
github.com/benfradjselim/ohe-sdk-go/slos.go:23.2,23.18 1 1
github.com/benfradjselim/ohe-sdk-go/slos.go:20.82,22.3 1 0
github.com/benfradjselim/ohe-sdk-go/slos.go:27.70,29.61 2 1
github.com/benfradjselim/ohe-sdk-go/slos.go:32.2,32.18 1 1
github.com/benfradjselim/ohe-sdk-go/slos.go:29.61,31.3 1 0
github.com/benfradjselim/ohe-sdk-go/slos.go:36.81,38.80 2 0
github.com/benfradjselim/ohe-sdk-go/slos.go:41.2,41.18 1 0
github.com/benfradjselim/ohe-sdk-go/slos.go:38.80,40.3 1 0
github.com/benfradjselim/ohe-sdk-go/slos.go:45.66,47.2 1 0
github.com/benfradjselim/ohe-sdk-go/slos.go:50.80,52.89 2 0
github.com/benfradjselim/ohe-sdk-go/slos.go:55.2,55.18 1 0
github.com/benfradjselim/ohe-sdk-go/slos.go:52.89,54.3 1 0
github.com/benfradjselim/ohe-sdk-go/slos.go:59.73,61.69 2 0
github.com/benfradjselim/ohe-sdk-go/slos.go:64.2,64.17 1 0
github.com/benfradjselim/ohe-sdk-go/slos.go:61.69,63.3 1 0
github.com/benfradjselim/ohe-sdk-go/alerts.go:9.81,11.18 2 1
github.com/benfradjselim/ohe-sdk-go/alerts.go:14.2,15.49 2 1
github.com/benfradjselim/ohe-sdk-go/alerts.go:18.2,18.17 1 1
github.com/benfradjselim/ohe-sdk-go/alerts.go:11.18,13.3 1 0
github.com/benfradjselim/ohe-sdk-go/alerts.go:15.49,17.3 1 0
github.com/benfradjselim/ohe-sdk-go/alerts.go:22.75,24.84 2 0
github.com/benfradjselim/ohe-sdk-go/alerts.go:27.2,27.18 1 0
github.com/benfradjselim/ohe-sdk-go/alerts.go:24.84,26.3 1 0
github.com/benfradjselim/ohe-sdk-go/alerts.go:31.73,33.2 1 1
github.com/benfradjselim/ohe-sdk-go/alerts.go:36.69,38.2 1 0
github.com/benfradjselim/ohe-sdk-go/alerts.go:41.68,43.2 1 0
github.com/benfradjselim/ohe-sdk-go/alerts.go:46.74,48.69 2 0
github.com/benfradjselim/ohe-sdk-go/alerts.go:51.2,51.17 1 0
github.com/benfradjselim/ohe-sdk-go/alerts.go:48.69,50.3 1 0
github.com/benfradjselim/ohe-sdk-go/alerts.go:55.91,57.71 2 0
github.com/benfradjselim/ohe-sdk-go/alerts.go:60.2,60.18 1 0
github.com/benfradjselim/ohe-sdk-go/alerts.go:57.71,59.3 1 0
github.com/benfradjselim/ohe-sdk-go/alerts.go:64.104,66.92 2 0
github.com/benfradjselim/ohe-sdk-go/alerts.go:69.2,69.18 1 0
github.com/benfradjselim/ohe-sdk-go/alerts.go:66.92,68.3 1 0
github.com/benfradjselim/ohe-sdk-go/alerts.go:73.74,75.2 1 0
github.com/benfradjselim/ohe-sdk-go/apikeys.go:9.68,11.66 2 0
github.com/benfradjselim/ohe-sdk-go/apikeys.go:14.2,14.17 1 0
github.com/benfradjselim/ohe-sdk-go/apikeys.go:11.66,13.3 1 0
github.com/benfradjselim/ohe-sdk-go/apikeys.go:19.108,21.67 2 1
github.com/benfradjselim/ohe-sdk-go/apikeys.go:24.2,24.18 1 1
github.com/benfradjselim/ohe-sdk-go/apikeys.go:21.67,23.3 1 0
github.com/benfradjselim/ohe-sdk-go/apikeys.go:28.69,30.2 1 1
github.com/benfradjselim/ohe-sdk-go/dashboards.go:9.74,11.68 2 0
github.com/benfradjselim/ohe-sdk-go/dashboards.go:14.2,14.17 1 0
github.com/benfradjselim/ohe-sdk-go/dashboards.go:11.68,13.3 1 0
github.com/benfradjselim/ohe-sdk-go/dashboards.go:18.83,20.88 2 0
github.com/benfradjselim/ohe-sdk-go/dashboards.go:23.2,23.18 1 0
github.com/benfradjselim/ohe-sdk-go/dashboards.go:20.88,22.3 1 0
github.com/benfradjselim/ohe-sdk-go/dashboards.go:27.88,29.67 2 0
github.com/benfradjselim/ohe-sdk-go/dashboards.go:32.2,32.18 1 0
github.com/benfradjselim/ohe-sdk-go/dashboards.go:29.67,31.3 1 0
github.com/benfradjselim/ohe-sdk-go/dashboards.go:36.99,38.86 2 0
github.com/benfradjselim/ohe-sdk-go/dashboards.go:41.2,41.18 1 0
github.com/benfradjselim/ohe-sdk-go/dashboards.go:38.86,40.3 1 0
github.com/benfradjselim/ohe-sdk-go/dashboards.go:45.72,47.2 1 0
github.com/benfradjselim/ohe-sdk-go/ingest.go:6.71,8.2 1 1
github.com/benfradjselim/ohe-sdk-go/kpis.go:11.81,13.16 2 0
github.com/benfradjselim/ohe-sdk-go/kpis.go:16.2,17.60 2 0
github.com/benfradjselim/ohe-sdk-go/kpis.go:20.2,20.18 1 0
github.com/benfradjselim/ohe-sdk-go/kpis.go:13.16,15.3 1 0
github.com/benfradjselim/ohe-sdk-go/kpis.go:17.60,19.3 1 0
github.com/benfradjselim/ohe-sdk-go/kpis.go:25.106,27.16 2 0
github.com/benfradjselim/ohe-sdk-go/kpis.go:30.2,30.17 1 0
github.com/benfradjselim/ohe-sdk-go/kpis.go:33.2,34.93 2 0
github.com/benfradjselim/ohe-sdk-go/kpis.go:37.2,37.18 1 0
github.com/benfradjselim/ohe-sdk-go/kpis.go:27.16,29.3 1 0
github.com/benfradjselim/ohe-sdk-go/kpis.go:30.17,32.3 1 0
github.com/benfradjselim/ohe-sdk-go/kpis.go:34.93,36.3 1 0
github.com/benfradjselim/ohe-sdk-go/kpis.go:41.87,43.26 2 0
github.com/benfradjselim/ohe-sdk-go/kpis.go:46.2,47.66 2 0
github.com/benfradjselim/ohe-sdk-go/kpis.go:50.2,50.17 1 0
github.com/benfradjselim/ohe-sdk-go/kpis.go:43.26,45.3 1 0
github.com/benfradjselim/ohe-sdk-go/kpis.go:47.66,49.3 1 0
github.com/benfradjselim/ohe-sdk-go/kpis.go:54.89,56.16 2 0
github.com/benfradjselim/ohe-sdk-go/kpis.go:59.2,60.84 2 0
github.com/benfradjselim/ohe-sdk-go/kpis.go:63.2,63.18 1 0
github.com/benfradjselim/ohe-sdk-go/kpis.go:56.16,58.3 1 0
github.com/benfradjselim/ohe-sdk-go/kpis.go:60.84,62.3 1 0
github.com/benfradjselim/ohe-sdk-go/kpis.go:67.86,69.64 2 0
github.com/benfradjselim/ohe-sdk-go/kpis.go:72.2,72.17 1 0
github.com/benfradjselim/ohe-sdk-go/kpis.go:69.64,71.3 1 0
github.com/benfradjselim/ohe-sdk-go/metrics.go:11.69,13.65 2 1
github.com/benfradjselim/ohe-sdk-go/metrics.go:16.2,16.17 1 1
github.com/benfradjselim/ohe-sdk-go/metrics.go:13.65,15.3 1 0
github.com/benfradjselim/ohe-sdk-go/metrics.go:20.85,22.16 2 0
github.com/benfradjselim/ohe-sdk-go/metrics.go:25.2,26.85 2 0
github.com/benfradjselim/ohe-sdk-go/metrics.go:29.2,29.18 1 0
github.com/benfradjselim/ohe-sdk-go/metrics.go:22.16,24.3 1 0
github.com/benfradjselim/ohe-sdk-go/metrics.go:26.85,28.3 1 0
github.com/benfradjselim/ohe-sdk-go/metrics.go:33.111,38.16 2 1
github.com/benfradjselim/ohe-sdk-go/metrics.go:41.2,42.91 2 1
github.com/benfradjselim/ohe-sdk-go/metrics.go:45.2,45.17 1 1
github.com/benfradjselim/ohe-sdk-go/metrics.go:38.16,40.3 1 1
github.com/benfradjselim/ohe-sdk-go/metrics.go:42.91,44.3 1 0
github.com/benfradjselim/ohe-sdk-go/metrics.go:49.116,55.16 2 0
github.com/benfradjselim/ohe-sdk-go/metrics.go:58.2,59.95 2 0
github.com/benfradjselim/ohe-sdk-go/metrics.go:62.2,62.17 1 0
github.com/benfradjselim/ohe-sdk-go/metrics.go:55.16,57.3 1 0
github.com/benfradjselim/ohe-sdk-go/metrics.go:59.95,61.3 1 0
github.com/benfradjselim/ohe-sdk-go/orgs.go:9.62,11.62 2 0
github.com/benfradjselim/ohe-sdk-go/orgs.go:14.2,14.17 1 0
github.com/benfradjselim/ohe-sdk-go/orgs.go:11.62,13.3 1 0
github.com/benfradjselim/ohe-sdk-go/orgs.go:18.71,20.82 2 0
github.com/benfradjselim/ohe-sdk-go/orgs.go:23.2,23.18 1 0
github.com/benfradjselim/ohe-sdk-go/orgs.go:20.82,22.3 1 0
github.com/benfradjselim/ohe-sdk-go/orgs.go:27.70,29.61 2 0
github.com/benfradjselim/ohe-sdk-go/orgs.go:32.2,32.18 1 0
github.com/benfradjselim/ohe-sdk-go/orgs.go:29.61,31.3 1 0
github.com/benfradjselim/ohe-sdk-go/orgs.go:36.81,38.80 2 0
github.com/benfradjselim/ohe-sdk-go/orgs.go:41.2,41.18 1 0
github.com/benfradjselim/ohe-sdk-go/orgs.go:38.80,40.3 1 0
github.com/benfradjselim/ohe-sdk-go/orgs.go:45.66,47.2 1 0
github.com/benfradjselim/ohe-sdk-go/orgs.go:50.88,52.93 2 0
github.com/benfradjselim/ohe-sdk-go/orgs.go:55.2,55.17 1 0
github.com/benfradjselim/ohe-sdk-go/orgs.go:52.93,54.3 1 0
github.com/benfradjselim/ohe-sdk-go/orgs.go:59.85,62.2 2 0
